<?xml version="1.0" encoding="UTF-8"?>
<testng-results ignored="0" total="1" passed="1" failed="0" skipped="0">
  <reporter-output>
  </reporter-output>
  <suite started-at="2023-08-29T20:19:45 IST" name="Default suite" finished-at="2023-08-29T20:21:27 IST" duration-ms="101889">
    <groups>
    </groups>
    <test started-at="2023-08-29T20:19:45 IST" name="Default test" finished-at="2023-08-29T20:21:27 IST" duration-ms="101889">
      <class name="POIWebdriverExcel.AP11">
        <test-method is-config="true" signature="beforeTest()[pri:0, instance:POIWebdriverExcel.AP11@131774fe]" started-at="2023-08-29T20:19:45 IST" name="beforeTest" finished-at="2023-08-29T20:21:16 IST" duration-ms="91083" status="PASS">
          <reporter-output>
          </reporter-output>
        </test-method> <!-- beforeTest -->
        <test-method signature="exceloperation()[pri:0, instance:POIWebdriverExcel.AP11@131774fe]" started-at="2023-08-29T20:21:16 IST" name="exceloperation" finished-at="2023-08-29T20:21:27 IST" duration-ms="10612" status="PASS">
          <reporter-output>
          </reporter-output>
        </test-method> <!-- exceloperation -->
        <test-method is-config="true" signature="afterTest()[pri:0, instance:POIWebdriverExcel.AP11@131774fe]" started-at="2023-08-29T20:21:27 IST" name="afterTest" finished-at="2023-08-29T20:21:27 IST" duration-ms="0" status="PASS">
          <reporter-output>
          </reporter-output>
        </test-method> <!-- afterTest -->
      </class> <!-- POIWebdriverExcel.AP11 -->
    </test> <!-- Default test -->
  </suite> <!-- Default suite -->
</testng-results>
